C:\Users\Anuitex-11\source\repos\booksShop\Library.WebAngular\ClientApp\dist\out-tsc\e2e\src\app.po.js
C:\Users\Anuitex-11\source\repos\booksShop\Library.WebAngular\ClientApp\dist\out-tsc\e2e\src\app.po.js.map
C:\Users\Anuitex-11\source\repos\booksShop\Library.WebAngular\ClientApp\dist\out-tsc\e2e\src\app.e2e-spec.js
C:\Users\Anuitex-11\source\repos\booksShop\Library.WebAngular\ClientApp\dist\out-tsc\e2e\src\app.e2e-spec.js.map
C:\Users\Anuitex-11\source\repos\booksShop\Library.WebAngular\ClientApp\dist\out-tsc\src\polyfills.js
C:\Users\Anuitex-11\source\repos\booksShop\Library.WebAngular\ClientApp\dist\out-tsc\src\polyfills.js.map
C:\Users\Anuitex-11\source\repos\booksShop\Library.WebAngular\ClientApp\dist\out-tsc\src\app\models\JwtView.js
C:\Users\Anuitex-11\source\repos\booksShop\Library.WebAngular\ClientApp\dist\out-tsc\src\app\models\JwtView.js.map
C:\Users\Anuitex-11\source\repos\booksShop\Library.WebAngular\ClientApp\dist\out-tsc\src\app\services\auth.service.js
C:\Users\Anuitex-11\source\repos\booksShop\Library.WebAngular\ClientApp\dist\out-tsc\src\app\services\auth.service.js.map
C:\Users\Anuitex-11\source\repos\booksShop\Library.WebAngular\ClientApp\dist\out-tsc\src\app\app.component.js
C:\Users\Anuitex-11\source\repos\booksShop\Library.WebAngular\ClientApp\dist\out-tsc\src\app\app.component.js.map
C:\Users\Anuitex-11\source\repos\booksShop\Library.WebAngular\ClientApp\dist\out-tsc\src\app\models\login-model.js
C:\Users\Anuitex-11\source\repos\booksShop\Library.WebAngular\ClientApp\dist\out-tsc\src\app\models\login-model.js.map
C:\Users\Anuitex-11\source\repos\booksShop\Library.WebAngular\ClientApp\dist\out-tsc\src\app\models\register-view-model.js
C:\Users\Anuitex-11\source\repos\booksShop\Library.WebAngular\ClientApp\dist\out-tsc\src\app\models\register-view-model.js.map
C:\Users\Anuitex-11\source\repos\booksShop\Library.WebAngular\ClientApp\dist\out-tsc\src\environments\environment.js
C:\Users\Anuitex-11\source\repos\booksShop\Library.WebAngular\ClientApp\dist\out-tsc\src\environments\environment.js.map
C:\Users\Anuitex-11\source\repos\booksShop\Library.WebAngular\ClientApp\dist\out-tsc\src\app\models\forgot-password-view.js
C:\Users\Anuitex-11\source\repos\booksShop\Library.WebAngular\ClientApp\dist\out-tsc\src\app\models\forgot-password-view.js.map
C:\Users\Anuitex-11\source\repos\booksShop\Library.WebAngular\ClientApp\dist\out-tsc\src\app\models\changeEmailView.js
C:\Users\Anuitex-11\source\repos\booksShop\Library.WebAngular\ClientApp\dist\out-tsc\src\app\models\changeEmailView.js.map
C:\Users\Anuitex-11\source\repos\booksShop\Library.WebAngular\ClientApp\dist\out-tsc\src\app\models\changePasswordView.js
C:\Users\Anuitex-11\source\repos\booksShop\Library.WebAngular\ClientApp\dist\out-tsc\src\app\models\changePasswordView.js.map
C:\Users\Anuitex-11\source\repos\booksShop\Library.WebAngular\ClientApp\dist\out-tsc\src\app\services\register.service.js
C:\Users\Anuitex-11\source\repos\booksShop\Library.WebAngular\ClientApp\dist\out-tsc\src\app\services\register.service.js.map
C:\Users\Anuitex-11\source\repos\booksShop\Library.WebAngular\ClientApp\dist\out-tsc\src\app\login\login.component.js
C:\Users\Anuitex-11\source\repos\booksShop\Library.WebAngular\ClientApp\dist\out-tsc\src\app\login\login.component.js.map
C:\Users\Anuitex-11\source\repos\booksShop\Library.WebAngular\ClientApp\dist\out-tsc\src\app\models\author.js
C:\Users\Anuitex-11\source\repos\booksShop\Library.WebAngular\ClientApp\dist\out-tsc\src\app\models\author.js.map
C:\Users\Anuitex-11\source\repos\booksShop\Library.WebAngular\ClientApp\dist\out-tsc\src\app\services\authors.service.js
C:\Users\Anuitex-11\source\repos\booksShop\Library.WebAngular\ClientApp\dist\out-tsc\src\app\services\authors.service.js.map
C:\Users\Anuitex-11\source\repos\booksShop\Library.WebAngular\ClientApp\dist\out-tsc\src\app\author\author.component.js
C:\Users\Anuitex-11\source\repos\booksShop\Library.WebAngular\ClientApp\dist\out-tsc\src\app\author\author.component.js.map
C:\Users\Anuitex-11\source\repos\booksShop\Library.WebAngular\ClientApp\dist\out-tsc\src\app\models\book.js
C:\Users\Anuitex-11\source\repos\booksShop\Library.WebAngular\ClientApp\dist\out-tsc\src\app\models\book.js.map
C:\Users\Anuitex-11\source\repos\booksShop\Library.WebAngular\ClientApp\dist\out-tsc\src\app\models\sort-books-by-params-view.js
C:\Users\Anuitex-11\source\repos\booksShop\Library.WebAngular\ClientApp\dist\out-tsc\src\app\models\sort-books-by-params-view.js.map
C:\Users\Anuitex-11\source\repos\booksShop\Library.WebAngular\ClientApp\dist\out-tsc\src\app\services\books.service.js
C:\Users\Anuitex-11\source\repos\booksShop\Library.WebAngular\ClientApp\dist\out-tsc\src\app\services\books.service.js.map
C:\Users\Anuitex-11\source\repos\booksShop\Library.WebAngular\ClientApp\dist\out-tsc\src\app\models\user-pay-view-model.js
C:\Users\Anuitex-11\source\repos\booksShop\Library.WebAngular\ClientApp\dist\out-tsc\src\app\models\user-pay-view-model.js.map
C:\Users\Anuitex-11\source\repos\booksShop\Library.WebAngular\ClientApp\dist\out-tsc\src\app\services\cart.service.js
C:\Users\Anuitex-11\source\repos\booksShop\Library.WebAngular\ClientApp\dist\out-tsc\src\app\services\cart.service.js.map
C:\Users\Anuitex-11\source\repos\booksShop\Library.WebAngular\ClientApp\dist\out-tsc\src\app\book\book.component.js
C:\Users\Anuitex-11\source\repos\booksShop\Library.WebAngular\ClientApp\dist\out-tsc\src\app\book\book.component.js.map
C:\Users\Anuitex-11\source\repos\booksShop\Library.WebAngular\ClientApp\dist\out-tsc\src\app\cart\cart.component.js
C:\Users\Anuitex-11\source\repos\booksShop\Library.WebAngular\ClientApp\dist\out-tsc\src\app\cart\cart.component.js.map
C:\Users\Anuitex-11\source\repos\booksShop\Library.WebAngular\ClientApp\dist\out-tsc\src\app\models\paymentViewModel.js
C:\Users\Anuitex-11\source\repos\booksShop\Library.WebAngular\ClientApp\dist\out-tsc\src\app\models\paymentViewModel.js.map
C:\Users\Anuitex-11\source\repos\booksShop\Library.WebAngular\ClientApp\dist\out-tsc\src\app\payment\payment.component.js
C:\Users\Anuitex-11\source\repos\booksShop\Library.WebAngular\ClientApp\dist\out-tsc\src\app\payment\payment.component.js.map
C:\Users\Anuitex-11\source\repos\booksShop\Library.WebAngular\ClientApp\dist\out-tsc\src\app\models\order.js
C:\Users\Anuitex-11\source\repos\booksShop\Library.WebAngular\ClientApp\dist\out-tsc\src\app\models\order.js.map
C:\Users\Anuitex-11\source\repos\booksShop\Library.WebAngular\ClientApp\dist\out-tsc\src\app\services\order.service.js
C:\Users\Anuitex-11\source\repos\booksShop\Library.WebAngular\ClientApp\dist\out-tsc\src\app\services\order.service.js.map
C:\Users\Anuitex-11\source\repos\booksShop\Library.WebAngular\ClientApp\dist\out-tsc\src\app\order\order.component.js
C:\Users\Anuitex-11\source\repos\booksShop\Library.WebAngular\ClientApp\dist\out-tsc\src\app\order\order.component.js.map
C:\Users\Anuitex-11\source\repos\booksShop\Library.WebAngular\ClientApp\dist\out-tsc\src\app\register\register.component.js
C:\Users\Anuitex-11\source\repos\booksShop\Library.WebAngular\ClientApp\dist\out-tsc\src\app\register\register.component.js.map
C:\Users\Anuitex-11\source\repos\booksShop\Library.WebAngular\ClientApp\dist\out-tsc\src\app\forgot-password\forgot-password.component.js
C:\Users\Anuitex-11\source\repos\booksShop\Library.WebAngular\ClientApp\dist\out-tsc\src\app\forgot-password\forgot-password.component.js.map
C:\Users\Anuitex-11\source\repos\booksShop\Library.WebAngular\ClientApp\dist\out-tsc\src\app\guards\goAuth.guard.js
C:\Users\Anuitex-11\source\repos\booksShop\Library.WebAngular\ClientApp\dist\out-tsc\src\app\guards\goAuth.guard.js.map
C:\Users\Anuitex-11\source\repos\booksShop\Library.WebAngular\ClientApp\dist\out-tsc\src\app\guards\auth.guard.js
C:\Users\Anuitex-11\source\repos\booksShop\Library.WebAngular\ClientApp\dist\out-tsc\src\app\guards\auth.guard.js.map
C:\Users\Anuitex-11\source\repos\booksShop\Library.WebAngular\ClientApp\dist\out-tsc\src\app\cahnge-email\cahnge-email.component.js
C:\Users\Anuitex-11\source\repos\booksShop\Library.WebAngular\ClientApp\dist\out-tsc\src\app\cahnge-email\cahnge-email.component.js.map
C:\Users\Anuitex-11\source\repos\booksShop\Library.WebAngular\ClientApp\dist\out-tsc\src\app\change-password\change-password.component.js
C:\Users\Anuitex-11\source\repos\booksShop\Library.WebAngular\ClientApp\dist\out-tsc\src\app\change-password\change-password.component.js.map
C:\Users\Anuitex-11\source\repos\booksShop\Library.WebAngular\ClientApp\dist\out-tsc\src\app\app.routing.js
C:\Users\Anuitex-11\source\repos\booksShop\Library.WebAngular\ClientApp\dist\out-tsc\src\app\app.routing.js.map
C:\Users\Anuitex-11\source\repos\booksShop\Library.WebAngular\ClientApp\dist\out-tsc\src\app\models\user.js
C:\Users\Anuitex-11\source\repos\booksShop\Library.WebAngular\ClientApp\dist\out-tsc\src\app\models\user.js.map
C:\Users\Anuitex-11\source\repos\booksShop\Library.WebAngular\ClientApp\dist\out-tsc\src\app\services\user.service.js
C:\Users\Anuitex-11\source\repos\booksShop\Library.WebAngular\ClientApp\dist\out-tsc\src\app\services\user.service.js.map
C:\Users\Anuitex-11\source\repos\booksShop\Library.WebAngular\ClientApp\dist\out-tsc\src\app\home\home.component.js
C:\Users\Anuitex-11\source\repos\booksShop\Library.WebAngular\ClientApp\dist\out-tsc\src\app\home\home.component.js.map
C:\Users\Anuitex-11\source\repos\booksShop\Library.WebAngular\ClientApp\dist\out-tsc\src\app\material-module.js
C:\Users\Anuitex-11\source\repos\booksShop\Library.WebAngular\ClientApp\dist\out-tsc\src\app\material-module.js.map
C:\Users\Anuitex-11\source\repos\booksShop\Library.WebAngular\ClientApp\dist\out-tsc\src\app\header\header.component.js
C:\Users\Anuitex-11\source\repos\booksShop\Library.WebAngular\ClientApp\dist\out-tsc\src\app\header\header.component.js.map
C:\Users\Anuitex-11\source\repos\booksShop\Library.WebAngular\ClientApp\dist\out-tsc\src\app\Interceptor\auth-interceptor.js
C:\Users\Anuitex-11\source\repos\booksShop\Library.WebAngular\ClientApp\dist\out-tsc\src\app\Interceptor\auth-interceptor.js.map
C:\Users\Anuitex-11\source\repos\booksShop\Library.WebAngular\ClientApp\dist\out-tsc\src\app\app.module.js
C:\Users\Anuitex-11\source\repos\booksShop\Library.WebAngular\ClientApp\dist\out-tsc\src\app\app.module.js.map
C:\Users\Anuitex-11\source\repos\booksShop\Library.WebAngular\ClientApp\dist\out-tsc\src\main.js
C:\Users\Anuitex-11\source\repos\booksShop\Library.WebAngular\ClientApp\dist\out-tsc\src\main.js.map
C:\Users\Anuitex-11\source\repos\booksShop\Library.WebAngular\ClientApp\dist\out-tsc\src\test.js
C:\Users\Anuitex-11\source\repos\booksShop\Library.WebAngular\ClientApp\dist\out-tsc\src\test.js.map
C:\Users\Anuitex-11\source\repos\booksShop\Library.WebAngular\ClientApp\dist\out-tsc\src\app\app.component.spec.js
C:\Users\Anuitex-11\source\repos\booksShop\Library.WebAngular\ClientApp\dist\out-tsc\src\app\app.component.spec.js.map
C:\Users\Anuitex-11\source\repos\booksShop\Library.WebAngular\ClientApp\dist\out-tsc\src\app\Interceptor\Index.js
C:\Users\Anuitex-11\source\repos\booksShop\Library.WebAngular\ClientApp\dist\out-tsc\src\app\Interceptor\Index.js.map
C:\Users\Anuitex-11\source\repos\booksShop\Library.WebAngular\ClientApp\dist\out-tsc\src\environments\environment.prod.js
C:\Users\Anuitex-11\source\repos\booksShop\Library.WebAngular\ClientApp\dist\out-tsc\src\environments\environment.prod.js.map
